C:\USERS\USER\DOCUMENTS\VISUAL STUDIO 2012\PROJECTS\MESO POINTER UPDATER\MESO POINTER UPDATER\RELEASE\MESOPOINTERUPDATER.OBJ
C:\USERS\USER\DOCUMENTS\VISUAL STUDIO 2012\PROJECTS\MESO POINTER UPDATER\MESO POINTER UPDATER\RELEASE\MAIN.OBJ
C:\USERS\USER\DOCUMENTS\VISUAL STUDIO 2012\PROJECTS\MESO POINTER UPDATER\MESO POINTER UPDATER\RELEASE\MOC_MESOPOINTERUPDATER.OBJ
C:\USERS\USER\DOCUMENTS\VISUAL STUDIO 2012\PROJECTS\MESO POINTER UPDATER\MESO POINTER UPDATER\RELEASE\FUNCTION.OBJ
C:\USERS\USER\DOCUMENTS\VISUAL STUDIO 2012\PROJECTS\MESO POINTER UPDATER\MESO POINTER UPDATER\RELEASE\QRC_MESOPOINTERUPDATER.OBJ
C:\USERS\USER\DOCUMENTS\VISUAL STUDIO 2012\PROJECTS\MESO POINTER UPDATER\MESO POINTER UPDATER\GENERATEDFILES\QRC_MESOPOINTERUPDATER.CPP
C:\USERS\USER\DOCUMENTS\VISUAL STUDIO 2012\PROJECTS\MESO POINTER UPDATER\MESO POINTER UPDATER\GENERATEDFILES\UI_MESOPOINTERUPDATER.H
C:\USERS\USER\DOCUMENTS\VISUAL STUDIO 2012\PROJECTS\MESO POINTER UPDATER\MESO POINTER UPDATER\GENERATEDFILES\RELEASE\MOC_MESOPOINTERUPDATER.CPP
C:\USERS\USER\DOCUMENTS\VISUAL STUDIO 2012\PROJECTS\MESO POINTER UPDATER\WIN32\RELEASE\MESO POINTER UPDATER.DLL
C:\USERS\USER\DOCUMENTS\VISUAL STUDIO 2012\PROJECTS\MESO POINTER UPDATER\MESO POINTER UPDATER\RELEASE\MESO POINTER UPDATER.DLL.INTERMEDIATE.MANIFEST
C:\Users\User\Documents\Visual Studio 2012\Projects\Meso Pointer Updater\Meso Pointer Updater\Release\Function.obj
C:\Users\User\Documents\Visual Studio 2012\Projects\Meso Pointer Updater\Meso Pointer Updater\Release\main.obj
C:\Users\User\Documents\Visual Studio 2012\Projects\Meso Pointer Updater\Meso Pointer Updater\Release\mesopointerupdater.obj
C:\Users\User\Documents\Visual Studio 2012\Projects\Meso Pointer Updater\Meso Pointer Updater\Release\moc_mesopointerupdater.obj
C:\Users\User\Documents\Visual Studio 2012\Projects\Meso Pointer Updater\Meso Pointer Updater\Release\qrc_mesopointerupdater.obj
C:\Users\User\Documents\Visual Studio 2012\Projects\Meso Pointer Updater\Meso Pointer Updater\Release\cl.command.1.tlog
C:\Users\User\Documents\Visual Studio 2012\Projects\Meso Pointer Updater\Meso Pointer Updater\Release\CL.read.1.tlog
C:\Users\User\Documents\Visual Studio 2012\Projects\Meso Pointer Updater\Meso Pointer Updater\Release\CL.write.1.tlog
C:\Users\User\Documents\Visual Studio 2012\Projects\Meso Pointer Updater\Meso Pointer Updater\Release\custombuild.command.1.tlog
C:\Users\User\Documents\Visual Studio 2012\Projects\Meso Pointer Updater\Meso Pointer Updater\Release\custombuild.read.1.tlog
C:\Users\User\Documents\Visual Studio 2012\Projects\Meso Pointer Updater\Meso Pointer Updater\Release\custombuild.write.1.tlog
C:\Users\User\Documents\Visual Studio 2012\Projects\Meso Pointer Updater\Meso Pointer Updater\Release\link.command.1.tlog
C:\Users\User\Documents\Visual Studio 2012\Projects\Meso Pointer Updater\Meso Pointer Updater\Release\link.read.1.tlog
C:\Users\User\Documents\Visual Studio 2012\Projects\Meso Pointer Updater\Meso Pointer Updater\Release\link.write.1.tlog
C:\Users\User\Documents\Visual Studio 2012\Projects\Meso Pointer Updater\Meso Pointer Updater\Release\mt.command.1.tlog
C:\Users\User\Documents\Visual Studio 2012\Projects\Meso Pointer Updater\Meso Pointer Updater\Release\mt.read.1.tlog
C:\Users\User\Documents\Visual Studio 2012\Projects\Meso Pointer Updater\Meso Pointer Updater\Release\mt.write.1.tlog
C:\Users\User\Documents\Visual Studio 2012\Projects\Meso Pointer Updater\Meso Pointer Updater\Release\Meso Pointer Updater.dll.intermediate.manifest
C:\Users\User\Documents\Visual Studio 2012\Projects\Meso Pointer Updater\Win32\Release\Meso Pointer Updater.dll
